# JRE version: OpenJDK Runtime Environment (17.0.6) (build 17.0.6+0-b2043.56-9586694)
# Java VM: OpenJDK 64-Bit Server VM (17.0.6+0-b2043.56-9586694, mixed mode, tiered, compressed oops, compressed class ptrs, g1 gc, windows-amd64)
GC Precious Log:
 CPUs: 16 total, 16 available
 Memory: 15734M
 Large Page Support: Disabled
 NUMA Support: Disabled
 Compressed Oops: Enabled (32-bit)
 Heap Region Size: 1M
 Heap Min Capacity: 8M
 Heap Initial Capacity: 246M
 Heap Max Capacity: 2G
 Pre-touch: Disabled
 Parallel Workers: 13
 Concurrent Workers: 3
 Concurrent Refinement Workers: 13
 Periodic GC: Disabled
Heap:
 garbage-first heap   total 247808K, used 139858K [0x0000000080000000, 0x0000000100000000)
  region size 1024K, 70 young (71680K), 15 survivors (15360K)
 Metaspace       used 94436K, committed 95104K, reserved 1138688K
  class space    used 13018K, committed 13312K, reserved 1048576K
GC Heap History (20 events):
Event: 5.905 GC heap before
{Heap before GC invocations=13 (full 0):
 garbage-first heap   total 121856K, used 88135K [0x0000000080000000, 0x0000000100000000)
  region size 1024K, 60 young (61440K), 6 survivors (6144K)
 Metaspace       used 51847K, committed 52288K, reserved 1097728K
  class space    used 6829K, committed 7040K, reserved 1048576K
}
Event: 5.911 GC heap after
{Heap after GC invocations=14 (full 0):
 garbage-first heap   total 121856K, used 36813K [0x0000000080000000, 0x0000000100000000)
  region size 1024K, 4 young (4096K), 4 survivors (4096K)
 Metaspace       used 51847K, committed 52288K, reserved 1097728K
  class space    used 6829K, committed 7040K, reserved 1048576K
}
Event: 6.715 GC heap before
{Heap before GC invocations=14 (full 0):
 garbage-first heap   total 121856K, used 100301K [0x0000000080000000, 0x0000000100000000)
  region size 1024K, 58 young (59392K), 4 survivors (4096K)
 Metaspace       used 55977K, committed 56448K, reserved 1105920K
  class space    used 7385K, committed 7616K, reserved 1048576K
}
Event: 6.720 GC heap after
{Heap after GC invocations=15 (full 0):
 garbage-first heap   total 121856K, used 52765K [0x0000000080000000, 0x0000000100000000)
  region size 1024K, 8 young (8192K), 8 survivors (8192K)
 Metaspace       used 55977K, committed 56448K, reserved 1105920K
  class space    used 7385K, committed 7616K, reserved 1048576K
}
Event: 7.190 GC heap before
{Heap before GC invocations=15 (full 0):
 garbage-first heap   total 121856K, used 76317K [0x0000000080000000, 0x0000000100000000)
  region size 1024K, 32 young (32768K), 8 survivors (8192K)
 Metaspace       used 59803K, committed 60288K, reserved 1105920K
  class space    used 7888K, committed 8128K, reserved 1048576K
}
Event: 7.195 GC heap after
{Heap after GC invocations=16 (full 0):
 garbage-first heap   total 121856K, used 54651K [0x0000000080000000, 0x0000000100000000)
  region size 1024K, 2 young (2048K), 2 survivors (2048K)
 Metaspace       used 59803K, committed 60288K, reserved 1105920K
  class space    used 7888K, committed 8128K, reserved 1048576K
}
Event: 7.500 GC heap before
{Heap before GC invocations=17 (full 0):
 garbage-first heap   total 121856K, used 67963K [0x0000000080000000, 0x0000000100000000)
  region size 1024K, 16 young (16384K), 2 survivors (2048K)
 Metaspace       used 62956K, committed 63552K, reserved 1105920K
  class space    used 8297K, committed 8576K, reserved 1048576K
}
Event: 7.503 GC heap after
{Heap after GC invocations=18 (full 0):
 garbage-first heap   total 121856K, used 56229K [0x0000000080000000, 0x0000000100000000)
  region size 1024K, 3 young (3072K), 3 survivors (3072K)
 Metaspace       used 62956K, committed 63552K, reserved 1105920K
  class space    used 8297K, committed 8576K, reserved 1048576K
}
Event: 7.509 GC heap before
{Heap before GC invocations=18 (full 0):
 garbage-first heap   total 121856K, used 60325K [0x0000000080000000, 0x0000000100000000)
  region size 1024K, 7 young (7168K), 3 survivors (3072K)
 Metaspace       used 62956K, committed 63552K, reserved 1105920K
  class space    used 8297K, committed 8576K, reserved 1048576K
}
Event: 7.512 GC heap after
{Heap after GC invocations=19 (full 0):
 garbage-first heap   total 121856K, used 58931K [0x0000000080000000, 0x0000000100000000)
  region size 1024K, 4 young (4096K), 4 survivors (4096K)
 Metaspace       used 62956K, committed 63552K, reserved 1105920K
  class space    used 8297K, committed 8576K, reserved 1048576K
}
Event: 7.869 GC heap before
{Heap before GC invocations=20 (full 0):
 garbage-first heap   total 121856K, used 89651K [0x0000000080000000, 0x0000000100000000)
  region size 1024K, 30 young (30720K), 4 survivors (4096K)
 Metaspace       used 65125K, committed 65664K, reserved 1105920K
  class space    used 8569K, committed 8832K, reserved 1048576K
}
Event: 7.873 GC heap after
{Heap after GC invocations=21 (full 0):
 garbage-first heap   total 247808K, used 59174K [0x0000000080000000, 0x0000000100000000)
  region size 1024K, 2 young (2048K), 2 survivors (2048K)
 Metaspace       used 65125K, committed 65664K, reserved 1105920K
  class space    used 8569K, committed 8832K, reserved 1048576K
}
Event: 7.984 GC heap before
{Heap before GC invocations=21 (full 0):
 garbage-first heap   total 247808K, used 69414K [0x0000000080000000, 0x0000000100000000)
  region size 1024K, 12 young (12288K), 2 survivors (2048K)
 Metaspace       used 65782K, committed 66304K, reserved 1114112K
  class space    used 8647K, committed 8896K, reserved 1048576K
}
Event: 7.986 GC heap after
{Heap after GC invocations=22 (full 0):
 garbage-first heap   total 247808K, used 59874K [0x0000000080000000, 0x0000000100000000)
  region size 1024K, 2 young (2048K), 2 survivors (2048K)
 Metaspace       used 65782K, committed 66304K, reserved 1114112K
  class space    used 8647K, committed 8896K, reserved 1048576K
}
Event: 9.359 GC heap before
{Heap before GC invocations=22 (full 0):
 garbage-first heap   total 247808K, used 157154K [0x0000000080000000, 0x0000000100000000)
  region size 1024K, 96 young (98304K), 2 survivors (2048K)
 Metaspace       used 72662K, committed 73216K, reserved 1114112K
  class space    used 9575K, committed 9856K, reserved 1048576K
}
Event: 9.364 GC heap after
{Heap after GC invocations=23 (full 0):
 garbage-first heap   total 247808K, used 66636K [0x0000000080000000, 0x0000000100000000)
  region size 1024K, 8 young (8192K), 8 survivors (8192K)
 Metaspace       used 72662K, committed 73216K, reserved 1114112K
  class space    used 9575K, committed 9856K, reserved 1048576K
}
Event: 11.245 GC heap before
{Heap before GC invocations=23 (full 0):
 garbage-first heap   total 247808K, used 173132K [0x0000000080000000, 0x0000000100000000)
  region size 1024K, 112 young (114688K), 8 survivors (8192K)
 Metaspace       used 84932K, committed 85440K, reserved 1122304K
  class space    used 11462K, committed 11712K, reserved 1048576K
}
Event: 11.255 GC heap after
{Heap after GC invocations=24 (full 0):
 garbage-first heap   total 247808K, used 73975K [0x0000000080000000, 0x0000000100000000)
  region size 1024K, 14 young (14336K), 14 survivors (14336K)
 Metaspace       used 84932K, committed 85440K, reserved 1122304K
  class space    used 11462K, committed 11712K, reserved 1048576K
}
Event: 12.754 GC heap before
{Heap before GC invocations=24 (full 0):
 garbage-first heap   total 247808K, used 182519K [0x0000000080000000, 0x0000000100000000)
  region size 1024K, 120 young (122880K), 14 survivors (14336K)
 Metaspace       used 91767K, committed 92352K, reserved 1130496K
  class space    used 12442K, committed 12736K, reserved 1048576K
}
Event: 12.767 GC heap after
{Heap after GC invocations=25 (full 0):
 garbage-first heap   total 247808K, used 85586K [0x0000000080000000, 0x0000000100000000)
  region size 1024K, 15 young (15360K), 15 survivors (15360K)
 Metaspace       used 91767K, committed 92352K, reserved 1130496K
  class space    used 12442K, committed 12736K, reserved 1048576K
}

